16.12.2022, 15:36:04 - INFO - Server is running on http://localhost:3000 
16.12.2022, 15:36:37 - INFO - worker is on 
16.12.2022, 15:36:37 - INFO - Broadcasting event: worker-updates 
16.12.2022, 15:36:37 - INFO - Emit to all 
16.12.2022, 15:36:38 - INFO - worker is off 
16.12.2022, 15:36:39 - INFO - worker is on 
16.12.2022, 15:36:39 - INFO - Broadcasting event: worker-updates 
16.12.2022, 15:36:39 - INFO - Emit to all 
16.12.2022, 15:36:40 - INFO - worker is off 
16.12.2022, 15:36:42 - INFO - Broadcasting event: worker-updates 
16.12.2022, 15:36:42 - INFO - Emit to all 
16.12.2022, 15:36:44 - INFO - Broadcasting event: worker-updates 
16.12.2022, 15:36:44 - INFO - Emit to all 
16.12.2022, 15:37:08 - INFO - worker is on 
16.12.2022, 15:37:08 - INFO - Broadcasting event: worker-updates 
16.12.2022, 15:37:08 - INFO - Emit to all 
16.12.2022, 15:37:13 - INFO - Broadcasting event: worker-updates 
16.12.2022, 15:37:13 - INFO - Emit to all 
16.12.2022, 15:37:13 - INFO - Broadcasting event: worker-updates 
16.12.2022, 15:37:13 - INFO - Emit to all 
16.12.2022, 15:37:18 - INFO - Broadcasting event: worker-updates 
16.12.2022, 15:37:18 - INFO - Emit to all 
16.12.2022, 15:37:18 - INFO - Broadcasting event: worker-updates 
16.12.2022, 15:37:18 - INFO - Emit to all 
16.12.2022, 15:37:23 - INFO - Broadcasting event: worker-updates 
16.12.2022, 15:37:23 - INFO - Emit to all 
16.12.2022, 15:37:23 - INFO - Broadcasting event: worker-updates 
16.12.2022, 15:37:23 - INFO - Emit to all 
16.12.2022, 15:37:28 - INFO - Broadcasting event: worker-updates 
16.12.2022, 15:37:28 - INFO - Emit to all 
16.12.2022, 15:37:28 - INFO - Broadcasting event: worker-updates 
16.12.2022, 15:37:28 - INFO - Emit to all 
16.12.2022, 15:37:29 - INFO - worker is off 
16.12.2022, 15:37:33 - INFO - Broadcasting event: worker-updates 
16.12.2022, 15:37:33 - INFO - Emit to all 
16.12.2022, 15:42:40 - INFO - worker is on 
16.12.2022, 15:42:40 - INFO - Broadcasting event: worker-updates 
16.12.2022, 15:42:40 - INFO - Emit to all 
16.12.2022, 15:42:45 - INFO - Broadcasting event: worker-updates 
16.12.2022, 15:42:45 - INFO - Emit to all 
16.12.2022, 15:42:45 - INFO - Broadcasting event: worker-updates 
16.12.2022, 15:42:45 - INFO - Emit to all 
16.12.2022, 15:42:49 - INFO - worker is off 
16.12.2022, 15:42:50 - INFO - Broadcasting event: worker-updates 
16.12.2022, 15:42:50 - INFO - Emit to all 
